Build started 3/29/2017 11:52:08 PM.
     1>Project "C:\Users\sydia\Desktop\CMPUT398---Lab-9-master\Radix_Sort\Radix_Sort.vcxproj" on node 2 (Build target(s)).
     1>Link:
         C:\Program Files (x86)\Microsoft Visual Studio 12.0\VC\bin\x86_amd64\link.exe /ERRORREPORT:PROMPT /OUT:"C:\Users\sydia\Desktop\CMPUT398---Lab-9-master\Submission\Radix_Sort.exe" /NOLOGO /LIBPATH:"C:\Program Files\NVIDIA GPU Computing Toolkit\CUDA\v7.5\lib\x64" wb.lib cudart.lib kernel32.lib user32.lib gdi32.lib winspool.lib comdlg32.lib advapi32.lib shell32.lib ole32.lib oleaut32.lib uuid.lib odbc32.lib odbccp32.lib kernel32.lib user32.lib gdi32.lib winspool.lib comdlg32.lib advapi32.lib shell32.lib ole32.lib oleaut32.lib uuid.lib odbc32.lib odbccp32.lib /MANIFEST /MANIFESTUAC:"level='asInvoker' uiAccess='false'" /manifest:embed /DEBUG /PDB:"C:\Users\sydia\Desktop\CMPUT398---Lab-9-master\Submission\Radix_Sort.pdb" /SUBSYSTEM:CONSOLE /OPT:REF /OPT:ICF /LTCG /TLBID:1 /DYNAMICBASE /NXCOMPAT /IMPLIB:"C:\Users\sydia\Desktop\CMPUT398---Lab-9-master\Submission\Radix_Sort.lib" /MACHINE:X64 Submission\kernel.cu.obj
         LINK : /LTCG specified but no code generation required; remove /LTCG from the link command line to improve linker performance
         Radix_Sort.vcxproj -> C:\Users\sydia\Desktop\CMPUT398---Lab-9-master\Submission\Radix_Sort.exe
       PostBuildEvent:
         echo copy "C:\Program Files\NVIDIA GPU Computing Toolkit\CUDA\v7.5\bin\cudart64*.dll" "C:\Users\sydia\Desktop\CMPUT398---Lab-9-master\Submission\"
         copy "C:\Program Files\NVIDIA GPU Computing Toolkit\CUDA\v7.5\bin\cudart64*.dll" "C:\Users\sydia\Desktop\CMPUT398---Lab-9-master\Submission\"
         copy C:\Users\sydia\Desktop\CMPUT398---Lab-9-master\Radix_Sort\kernel.cu C:\Users\sydia\Desktop\CMPUT398---Lab-9-master\Submission\Inclusive_kernel.cu
         DEL C:\Users\sydia\Desktop\CMPUT398---Lab-9-master\Submission\*.pdb
         :VCEnd
         copy "C:\Program Files\NVIDIA GPU Computing Toolkit\CUDA\v7.5\bin\cudart64*.dll" "C:\Users\sydia\Desktop\CMPUT398---Lab-9-master\Submission\"
         C:\Program Files\NVIDIA GPU Computing Toolkit\CUDA\v7.5\bin\cudart64_75.dll
         The process cannot access the file because it is being used by another process.
                 0 file(s) copied.
                 1 file(s) copied.
     1>Done Building Project "C:\Users\sydia\Desktop\CMPUT398---Lab-9-master\Radix_Sort\Radix_Sort.vcxproj" (Build target(s)).

Build succeeded.

Time Elapsed 00:00:01.55
